#
# There is insufficient memory for the Java Runtime Environment to continue.
# Native memory allocation (malloc) failed to allocate 1634320 bytes for Chunk::new
# Possible reasons:
#   The system is out of physical RAM or swap space
#   The process is running with CompressedOops enabled, and the Java Heap may be blocking the growth of the native heap
# Possible solutions:
#   Reduce memory load on the system
#   Increase physical memory or swap space
#   Check if swap backing store is full
#   Decrease Java heap size (-Xmx/-Xms)
#   Decrease number of Java threads
#   Decrease Java thread stack sizes (-Xss)
#   Set larger code cache with -XX:ReservedCodeCacheSize=
#   JVM is running with Unscaled Compressed Oops mode in which the Java heap is
#     placed in the first 4GB address space. The Java Heap base address is the
#     maximum limit for the native heap growth. Please use -XX:HeapBaseMinAddress
#     to set the Java Heap base and to place the Java Heap above 4GB virtual address.
# This output file may be truncated or incomplete.
#
#  Out of Memory Error (allocation.cpp:389), pid=9040, tid=0x00000000000018a4
#
# JRE version: OpenJDK Runtime Environment (8.0_275-b01) (build 1.8.0_275-b01)
# Java VM: OpenJDK 64-Bit Server VM (25.275-b01 mixed mode windows-amd64 compressed oops)
# Failed to write core dump. Minidumps are not enabled by default on client versions of Windows
#

---------------  T H R E A D  ---------------

Current thread (0x0000000016475800):  JavaThread "C2 CompilerThread0" daemon [_thread_in_native, id=6308, stack(0x0000000016d30000,0x0000000016e30000)]

Stack: [0x0000000016d30000,0x0000000016e30000]
[error occurred during error reporting (printing stack bounds), id 0xc0000005]

Native frames: (J=compiled Java code, j=interpreted, Vv=VM code, C=native code)


Current CompileTask:
C2:  67858 5371       4       sun.reflect.generics.parser.SignatureParser::parseFieldTypeSignature (73 bytes)


---------------  P R O C E S S  ---------------

Java Threads: ( => current thread )
  0x0000000017b6a000 JavaThread "Memory manager" [_thread_blocked, id=11224, stack(0x0000000026d50000,0x0000000026e50000)]
  0x0000000017b6e000 JavaThread "pool-1-thread-1" [_thread_blocked, id=4908, stack(0x0000000026850000,0x0000000026950000)]
  0x0000000017b6d000 JavaThread "jar transforms Thread 92" [_thread_blocked, id=7224, stack(0x0000000026550000,0x0000000026650000)]
  0x0000000017b71000 JavaThread "jar transforms Thread 91" [_thread_blocked, id=5968, stack(0x0000000026450000,0x0000000026550000)]
  0x0000000017b69000 JavaThread "jar transforms Thread 90" [_thread_blocked, id=1184, stack(0x0000000026350000,0x0000000026450000)]
  0x0000000017b70000 JavaThread "jar transforms Thread 89" [_thread_blocked, id=11020, stack(0x0000000026250000,0x0000000026350000)]
  0x0000000017b6f800 JavaThread "jar transforms Thread 88" [_thread_blocked, id=12220, stack(0x0000000026150000,0x0000000026250000)]
  0x0000000017b68800 JavaThread "jar transforms Thread 87" [_thread_blocked, id=3864, stack(0x0000000026050000,0x0000000026150000)]
  0x0000000017b6e800 JavaThread "jar transforms Thread 86" [_thread_blocked, id=1972, stack(0x0000000025f50000,0x0000000026050000)]
  0x0000000017b6a800 JavaThread "jar transforms Thread 85" [_thread_blocked, id=6912, stack(0x0000000025e50000,0x0000000025f50000)]
  0x0000000017e2e000 JavaThread "jar transforms Thread 84" [_thread_blocked, id=10832, stack(0x0000000025d50000,0x0000000025e50000)]
  0x0000000017e2c000 JavaThread "jar transforms Thread 83" [_thread_blocked, id=5692, stack(0x0000000025c50000,0x0000000025d50000)]
  0x0000000017e2a800 JavaThread "jar transforms Thread 82" [_thread_blocked, id=5868, stack(0x0000000025b50000,0x0000000025c50000)]
  0x0000000017e2d000 JavaThread "jar transforms Thread 81" [_thread_blocked, id=2476, stack(0x0000000025a50000,0x0000000025b50000)]
  0x0000000017e2b800 JavaThread "jar transforms Thread 80" [_thread_blocked, id=11016, stack(0x0000000025950000,0x0000000025a50000)]
  0x0000000017e2a000 JavaThread "jar transforms Thread 79" [_thread_blocked, id=11828, stack(0x0000000025850000,0x0000000025950000)]
  0x0000000017e28800 JavaThread "jar transforms Thread 78" [_thread_blocked, id=9552, stack(0x0000000025750000,0x0000000025850000)]
  0x0000000017e29000 JavaThread "jar transforms Thread 77" [_thread_blocked, id=10284, stack(0x0000000025650000,0x0000000025750000)]
  0x0000000017e20800 JavaThread "jar transforms Thread 76" [_thread_blocked, id=3884, stack(0x0000000025550000,0x0000000025650000)]
  0x0000000017e27800 JavaThread "jar transforms Thread 75" [_thread_blocked, id=8464, stack(0x0000000025450000,0x0000000025550000)]
  0x0000000017e26800 JavaThread "jar transforms Thread 74" [_thread_blocked, id=6332, stack(0x0000000025350000,0x0000000025450000)]
  0x0000000017e26000 JavaThread "jar transforms Thread 73" [_thread_blocked, id=12656, stack(0x0000000025250000,0x0000000025350000)]
  0x0000000017e24800 JavaThread "jar transforms Thread 72" [_thread_blocked, id=6028, stack(0x0000000025150000,0x0000000025250000)]
  0x0000000017e23800 JavaThread "jar transforms Thread 71" [_thread_blocked, id=8144, stack(0x0000000025050000,0x0000000025150000)]
  0x0000000017e21000 JavaThread "jar transforms Thread 70" [_thread_blocked, id=10960, stack(0x0000000024f50000,0x0000000025050000)]
  0x0000000017e1f000 JavaThread "jar transforms Thread 69" [_thread_blocked, id=12536, stack(0x0000000024e50000,0x0000000024f50000)]
  0x0000000017e23000 JavaThread "jar transforms Thread 68" [_thread_blocked, id=1052, stack(0x0000000024d50000,0x0000000024e50000)]
  0x0000000017e25000 JavaThread "jar transforms Thread 67" [_thread_blocked, id=1860, stack(0x0000000024c50000,0x0000000024d50000)]
  0x0000000017e1f800 JavaThread "jar transforms Thread 66" [_thread_blocked, id=816, stack(0x0000000024b50000,0x0000000024c50000)]
  0x0000000017e22000 JavaThread "jar transforms Thread 65" [_thread_blocked, id=10996, stack(0x0000000024a50000,0x0000000024b50000)]
  0x0000000017902000 JavaThread "jar transforms Thread 64" [_thread_blocked, id=1544, stack(0x0000000024950000,0x0000000024a50000)]
  0x0000000017902800 JavaThread "jar transforms Thread 63" [_thread_blocked, id=5024, stack(0x0000000024850000,0x0000000024950000)]
  0x0000000017904800 JavaThread "jar transforms Thread 62" [_thread_blocked, id=6244, stack(0x0000000024750000,0x0000000024850000)]
  0x0000000017903800 JavaThread "jar transforms Thread 61" [_thread_blocked, id=10964, stack(0x0000000024650000,0x0000000024750000)]
  0x0000000017901000 JavaThread "jar transforms Thread 60" [_thread_blocked, id=11324, stack(0x0000000024550000,0x0000000024650000)]
  0x00000000178f9800 JavaThread "jar transforms Thread 59" [_thread_blocked, id=4592, stack(0x0000000024450000,0x0000000024550000)]
  0x0000000017900800 JavaThread "jar transforms Thread 58" [_thread_blocked, id=1472, stack(0x0000000024350000,0x0000000024450000)]
  0x00000000178f8800 JavaThread "jar transforms Thread 57" [_thread_blocked, id=3464, stack(0x0000000024250000,0x0000000024350000)]
  0x00000000178ff800 JavaThread "jar transforms Thread 56" [_thread_blocked, id=4460, stack(0x0000000024150000,0x0000000024250000)]
  0x00000000178fd000 JavaThread "jar transforms Thread 55" [_thread_blocked, id=5676, stack(0x0000000024050000,0x0000000024150000)]
  0x00000000178ff000 JavaThread "jar transforms Thread 54" [_thread_blocked, id=8932, stack(0x0000000023f50000,0x0000000024050000)]
  0x00000000178f7800 JavaThread "jar transforms Thread 53" [_thread_blocked, id=11100, stack(0x0000000023e50000,0x0000000023f50000)]
  0x00000000178fe000 JavaThread "jar transforms Thread 52" [_thread_blocked, id=1356, stack(0x0000000023d50000,0x0000000023e50000)]
  0x00000000178fc800 JavaThread "jar transforms Thread 51" [_thread_blocked, id=10664, stack(0x0000000023c50000,0x0000000023d50000)]
  0x00000000178f7000 JavaThread "jar transforms Thread 50" [_thread_blocked, id=12468, stack(0x0000000023b50000,0x0000000023c50000)]
  0x00000000178fb800 JavaThread "jar transforms Thread 49" [_thread_blocked, id=7252, stack(0x0000000023a50000,0x0000000023b50000)]
  0x00000000178f5800 JavaThread "jar transforms Thread 48" [_thread_blocked, id=12860, stack(0x0000000023950000,0x0000000023a50000)]
  0x00000000178fb000 JavaThread "jar transforms Thread 47" [_thread_blocked, id=9072, stack(0x0000000023850000,0x0000000023950000)]
  0x00000000178f6000 JavaThread "jar transforms Thread 46" [_thread_blocked, id=5900, stack(0x0000000023750000,0x0000000023850000)]
  0x00000000178fa000 JavaThread "jar transforms Thread 45" [_thread_blocked, id=6752, stack(0x0000000023650000,0x0000000023750000)]
  0x000000001d2a6000 JavaThread "jar transforms Thread 44" [_thread_blocked, id=12456, stack(0x0000000023550000,0x0000000023650000)]
  0x000000001d2a5800 JavaThread "jar transforms Thread 43" [_thread_blocked, id=6500, stack(0x0000000023450000,0x0000000023550000)]
  0x000000001d2a4000 JavaThread "jar transforms Thread 42" [_thread_blocked, id=1080, stack(0x0000000023250000,0x0000000023350000)]
  0x000000001d2a7000 JavaThread "jar transforms Thread 41" [_thread_blocked, id=10872, stack(0x0000000023150000,0x0000000023250000)]
  0x000000001d2a8000 JavaThread "jar transforms Thread 40" [_thread_blocked, id=5924, stack(0x0000000023050000,0x0000000023150000)]
  0x000000001d2a8800 JavaThread "jar transforms Thread 39" [_thread_blocked, id=11696, stack(0x0000000022f50000,0x0000000023050000)]
  0x000000001d2a3000 JavaThread "jar transforms Thread 38" [_thread_blocked, id=12460, stack(0x0000000022e50000,0x0000000022f50000)]
  0x000000001d2a9800 JavaThread "jar transforms Thread 37" [_thread_blocked, id=5072, stack(0x0000000022d50000,0x0000000022e50000)]
  0x000000001d2a4800 JavaThread "jar transforms Thread 36" [_thread_blocked, id=8752, stack(0x0000000022c50000,0x0000000022d50000)]
  0x000000001d29b000 JavaThread "jar transforms Thread 35" [_thread_blocked, id=9864, stack(0x0000000022b50000,0x0000000022c50000)]
  0x000000001d29d000 JavaThread "jar transforms Thread 34" [_thread_blocked, id=12380, stack(0x0000000022a50000,0x0000000022b50000)]
  0x000000001d29c000 JavaThread "jar transforms Thread 33" [_thread_blocked, id=2700, stack(0x0000000022950000,0x0000000022a50000)]
  0x000000001d2a2800 JavaThread "jar transforms Thread 32" [_thread_blocked, id=9060, stack(0x0000000022850000,0x0000000022950000)]
  0x000000001d29a800 JavaThread "jar transforms Thread 31" [_thread_blocked, id=10724, stack(0x0000000022750000,0x0000000022850000)]
  0x000000001d2a1800 JavaThread "jar transforms Thread 30" [_thread_blocked, id=6772, stack(0x0000000022650000,0x0000000022750000)]
  0x000000001d2a0800 JavaThread "jar transforms Thread 29" [_thread_blocked, id=4948, stack(0x0000000022550000,0x0000000022650000)]
  0x000000001d29d800 JavaThread "jar transforms Thread 28" [_thread_blocked, id=11096, stack(0x0000000022450000,0x0000000022550000)]
  0x000000001d2a0000 JavaThread "jar transforms Thread 27" [_thread_blocked, id=4236, stack(0x0000000022350000,0x0000000022450000)]
  0x000000001d29f000 JavaThread "jar transforms Thread 26" [_thread_blocked, id=10760, stack(0x0000000022250000,0x0000000022350000)]
  0x000000001d29e800 JavaThread "jar transforms Thread 25" [_thread_blocked, id=6112, stack(0x0000000022150000,0x0000000022250000)]
  0x000000001d7f6000 JavaThread "jar transforms Thread 24" [_thread_blocked, id=9772, stack(0x0000000022050000,0x0000000022150000)]
  0x000000001d7f5000 JavaThread "jar transforms Thread 23" [_thread_blocked, id=12312, stack(0x0000000021f50000,0x0000000022050000)]
  0x000000001d7f2800 JavaThread "jar transforms Thread 22" [_thread_blocked, id=9208, stack(0x0000000021e50000,0x0000000021f50000)]
  0x000000001d7f1000 JavaThread "jar transforms Thread 21" [_thread_blocked, id=8544, stack(0x0000000021d50000,0x0000000021e50000)]
  0x000000001d7f2000 JavaThread "jar transforms Thread 20" [_thread_blocked, id=7828, stack(0x0000000021c50000,0x0000000021d50000)]
  0x000000001d7f4000 JavaThread "jar transforms Thread 19" [_thread_blocked, id=8380, stack(0x0000000021b50000,0x0000000021c50000)]
  0x000000001d7f3800 JavaThread "jar transforms Thread 18" [_thread_blocked, id=2456, stack(0x0000000021a50000,0x0000000021b50000)]
  0x000000001d7e9000 JavaThread "jar transforms Thread 17" [_thread_blocked, id=8392, stack(0x0000000021950000,0x0000000021a50000)]
  0x000000001d7f0800 JavaThread "jar transforms Thread 16" [_thread_blocked, id=6644, stack(0x0000000021850000,0x0000000021950000)]
  0x000000001d7ef800 JavaThread "jar transforms Thread 15" [_thread_blocked, id=6828, stack(0x0000000021750000,0x0000000021850000)]
  0x000000001d7e7800 JavaThread "jar transforms Thread 14" [_thread_blocked, id=32, stack(0x0000000021650000,0x0000000021750000)]
  0x000000001d7ee800 JavaThread "jar transforms Thread 13" [_thread_blocked, id=520, stack(0x0000000021550000,0x0000000021650000)]
  0x000000001d7e7000 JavaThread "jar transforms Thread 12" [_thread_blocked, id=13112, stack(0x0000000021450000,0x0000000021550000)]
  0x000000001d7ed000 JavaThread "jar transforms Thread 11" [_thread_blocked, id=1684, stack(0x0000000021350000,0x0000000021450000)]
  0x000000001d7ec800 JavaThread "jar transforms Thread 10" [_thread_blocked, id=2740, stack(0x0000000021250000,0x0000000021350000)]
  0x000000001d7ee000 JavaThread "jar transforms Thread 9" [_thread_blocked, id=7640, stack(0x0000000021150000,0x0000000021250000)]
  0x000000001d7eb000 JavaThread "jar transforms Thread 8" [_thread_blocked, id=3368, stack(0x0000000021050000,0x0000000021150000)]
  0x000000001d7eb800 JavaThread "jar transforms Thread 7" [_thread_blocked, id=7696, stack(0x0000000020f50000,0x0000000021050000)]
  0x000000001d7ea000 JavaThread "jar transforms Thread 6" [_thread_blocked, id=9280, stack(0x0000000020e50000,0x0000000020f50000)]
  0x000000001d7e8800 JavaThread "jar transforms Thread 5" [_thread_blocked, id=10620, stack(0x0000000020d50000,0x0000000020e50000)]
  0x00000000198da000 JavaThread "jar transforms Thread 4" [_thread_blocked, id=6840, stack(0x0000000020c50000,0x0000000020d50000)]
  0x00000000198db000 JavaThread "jar transforms Thread 3" [_thread_blocked, id=8436, stack(0x0000000020b50000,0x0000000020c50000)]
  0x00000000198d9800 JavaThread "jar transforms Thread 2" [_thread_blocked, id=5648, stack(0x0000000020a50000,0x0000000020b50000)]
  0x00000000198d8800 JavaThread "Build operations Thread 8" [_thread_blocked, id=1660, stack(0x0000000020950000,0x0000000020a50000)]
  0x00000000198d8000 JavaThread "Build operations Thread 7" [_thread_blocked, id=7900, stack(0x0000000020850000,0x0000000020950000)]
  0x00000000198dc800 JavaThread "Build operations Thread 6" [_thread_blocked, id=5500, stack(0x0000000020750000,0x0000000020850000)]
  0x00000000198db800 JavaThread "Build operations Thread 5" [_thread_blocked, id=12208, stack(0x0000000020650000,0x0000000020750000)]
  0x00000000198dd800 JavaThread "Build operations Thread 4" [_thread_blocked, id=11684, stack(0x0000000020550000,0x0000000020650000)]
  0x00000000198d0000 JavaThread "Build operations Thread 3" [_thread_blocked, id=1492, stack(0x0000000020450000,0x0000000020550000)]
  0x00000000198d7000 JavaThread "Build operations Thread 2" [_thread_blocked, id=10200, stack(0x0000000020350000,0x0000000020450000)]
  0x00000000198d4800 JavaThread "Build operations" [_thread_blocked, id=11112, stack(0x0000000020250000,0x0000000020350000)]
  0x00000000198d4000 JavaThread "Cache worker for Build Output Cleanup Cache (D:\Projects\Ntex\Netex\android\.gradle\buildOutputCleanup)" [_thread_blocked, id=140, stack(0x000000001ff50000,0x0000000020050000)]
  0x00000000198d0800 JavaThread "Cache worker for file content cache (C:\Users\Nursultan\.gradle\caches\6.7\fileContent)" [_thread_blocked, id=4416, stack(0x000000001e880000,0x000000001e980000)]
  0x00000000178f3800 JavaThread "jar transforms" [_thread_blocked, id=5612, stack(0x000000001e780000,0x000000001e880000)]
  0x00000000178f3000 JavaThread "Cache worker for execution history cache (C:\Users\Nursultan\.gradle\caches\6.7\executionHistory)" [_thread_blocked, id=12408, stack(0x000000001e080000,0x000000001e180000)]
  0x00000000178f2000 JavaThread "Cache worker for cache directory md-rule (C:\Users\Nursultan\.gradle\caches\6.7\md-rule)" [_thread_blocked, id=7668, stack(0x000000001dab0000,0x000000001dbb0000)]
  0x00000000178f4800 JavaThread "Cache worker for cache directory md-supplier (C:\Users\Nursultan\.gradle\caches\6.7\md-supplier)" [_thread_blocked, id=7952, stack(0x000000001c730000,0x000000001c830000)]
  0x00000000178f1800 JavaThread "Cache worker for checksums cache (D:\Projects\Ntex\Netex\android\.gradle\checksums)" [_thread_blocked, id=12700, stack(0x000000001c630000,0x000000001c730000)]
  0x00000000178ef800 JavaThread "Cache worker for file hash cache (D:\Projects\Ntex\Netex\android\.gradle\6.7\fileHashes)" [_thread_blocked, id=11724, stack(0x000000001c530000,0x000000001c630000)]
  0x00000000178ef000 JavaThread "Cache worker for journal cache (C:\Users\Nursultan\.gradle\caches\journal-1)" [_thread_blocked, id=6516, stack(0x000000001b460000,0x000000001b560000)]
  0x00000000178f0800 JavaThread "File lock request listener" [_thread_in_native, id=9348, stack(0x000000001b360000,0x000000001b460000)]
  0x00000000178ee000 JavaThread "Cache worker for file hash cache (C:\Users\Nursultan\.gradle\caches\6.7\fileHashes)" [_thread_blocked, id=5844, stack(0x000000001b260000,0x000000001b360000)]
  0x0000000018fd1000 JavaThread "Thread-9" [_thread_blocked, id=9372, stack(0x000000001af60000,0x000000001b060000)]
  0x0000000018fbf000 JavaThread "Stdin handler" [_thread_blocked, id=7420, stack(0x000000001ae60000,0x000000001af60000)]
  0x0000000018fb4800 JavaThread "Asynchronous log dispatcher for DefaultDaemonConnection: socket connection from /127.0.0.1:58312 to /127.0.0.1:58313" [_thread_blocked, id=7416, stack(0x000000001ad60000,0x000000001ae60000)]
  0x0000000018faf000 JavaThread "Daemon worker" [_thread_in_native, id=11844, stack(0x000000001ac60000,0x000000001ad60000)]
  0x0000000018fad800 JavaThread "Cancel handler" [_thread_blocked, id=100, stack(0x000000001aa60000,0x000000001ab60000)]
  0x0000000018fad000 JavaThread "Handler for socket connection from /127.0.0.1:58312 to /127.0.0.1:58313" [_thread_in_native, id=9780, stack(0x000000001a960000,0x000000001aa60000)]
  0x0000000018fa9800 JavaThread "Daemon" [_thread_blocked, id=3096, stack(0x000000001a660000,0x000000001a760000)]
  0x0000000018f39800 JavaThread "Daemon periodic checks" [_thread_blocked, id=2660, stack(0x000000001a560000,0x000000001a660000)]
  0x0000000018f37000 JavaThread "Incoming local TCP Connector on port 58312" [_thread_in_native, id=12812, stack(0x000000001a310000,0x000000001a410000)]
  0x0000000018e71800 JavaThread "Daemon health stats" [_thread_blocked, id=12040, stack(0x0000000019cd0000,0x0000000019dd0000)]
  0x00000000164e0000 JavaThread "Service Thread" daemon [_thread_blocked, id=952, stack(0x0000000017130000,0x0000000017230000)]
  0x0000000016483800 JavaThread "C1 CompilerThread3" daemon [_thread_blocked, id=9144, stack(0x0000000017030000,0x0000000017130000)]
  0x0000000016473800 JavaThread "C2 CompilerThread2" daemon [_thread_in_native, id=9428, stack(0x0000000016f30000,0x0000000017030000)]
  0x000000001646f800 JavaThread "C2 CompilerThread1" daemon [_thread_in_native, id=13248, stack(0x0000000016e30000,0x0000000016f30000)]
=>0x0000000016475800 JavaThread "C2 CompilerThread0" daemon [_thread_in_native, id=6308, stack(0x0000000016d30000,0x0000000016e30000)]
  0x000000001646d800 JavaThread "Attach Listener" daemon [_thread_blocked, id=5520, stack(0x0000000016c30000,0x0000000016d30000)]
  0x0000000014647800 JavaThread "Signal Dispatcher" daemon [_thread_blocked, id=12840, stack(0x0000000016b30000,0x0000000016c30000)]
  0x0000000002e7a000 JavaThread "Finalizer" daemon [_thread_blocked, id=6776, stack(0x0000000016930000,0x0000000016a30000)]
  0x0000000016450800 JavaThread "Reference Handler" daemon [_thread_blocked, id=2944, stack(0x0000000016830000,0x0000000016930000)]
  0x0000000002d85800 JavaThread "main" [_thread_blocked, id=13104, stack(0x0000000002b80000,0x0000000002c80000)]

Other Threads:
  0x0000000014637000 VMThread [stack: 0x0000000016330000,0x0000000016430000] [id=2352]
  0x00000000164e0800 WatcherThread [stack: 0x0000000017230000,0x0000000017330000] [id=12464]

VM state:not at safepoint (normal execution)

VM Mutex/Monitor currently owned by a thread: None

heap address: 0x00000000e0000000, size: 512 MB, Compressed Oops mode: 32-bit
Narrow klass base: 0x0000000000000000, Narrow klass shift: 3
Compressed class space size: 1073741824 Address: 0x0000000100000000

Heap:
 PSYoungGen      total 145408K, used 28711K [0x00000000f5580000, 0x0000000100000000, 0x0000000100000000)
  eden space 132608K, 21% used [0x00000000f5580000,0x00000000f7189f30,0x00000000fd700000)
  from space 12800K, 0% used [0x00000000ff380000,0x00000000ff380000,0x0000000100000000)
  to   space 20992K, 0% used [0x00000000fd700000,0x00000000fd700000,0x00000000feb80000)
 ParOldGen       total 198144K, used 36762K [0x00000000e0000000, 0x00000000ec180000, 0x00000000f5580000)
  object space 198144K, 18% used [0x00000000e0000000,0x00000000e23e6990,0x00000000ec180000)
 Metaspace       used 57420K, capacity 60134K, committed 60416K, reserved 1101824K
  class space    used 8060K, capacity 8661K, committed 8704K, reserved 1048576K

Card table byte_map: [0x0000000012240000,0x0000000012350000] byte_map_base: 0x0000000011b40000

Marking Bits: (ParMarkBitMap*) 0x00000000581f23c0
 Begin Bits: [0x0000000012b50000, 0x0000000013350000)
 End Bits:   [0x0000000013350000, 0x0000000013b50000)

Polling page: 0x0000000000d90000

CodeCache: size=245760Kb used=17276Kb max_used=17276Kb free=228483Kb
 bounds [0x0000000002e80000, 0x0000000003f70000, 0x0000000011e80000]
 total_blobs=5670 nmethods=4889 adapters=693
 compilation: enabled

Compilation events (10 events):
Event: 67.747 Thread 0x0000000016483800 5433       3       groovyjarjarasm.asm.Frame::merge (395 bytes)
Event: 67.749 Thread 0x0000000016483800 nmethod 5433 0x0000000003f64790 code [0x0000000003f64a00, 0x0000000003f65778]
Event: 67.752 Thread 0x0000000016483800 5435       3       org.gradle.internal.metaobject.DynamicInvokeResult::found (19 bytes)
Event: 67.752 Thread 0x0000000016483800 nmethod 5435 0x0000000003f660d0 code [0x0000000003f66240, 0x0000000003f66550]
Event: 67.754 Thread 0x0000000016483800 5436       3       org.codehaus.groovy.runtime.callsite.AbstractCallSite::<init> (20 bytes)
Event: 67.754 Thread 0x0000000016483800 nmethod 5436 0x0000000003f66690 code [0x0000000003f667e0, 0x0000000003f669b0]
Event: 67.758 Thread 0x0000000016483800 5437   !   3       java.lang.reflect.Executable::sharedToGenericString (329 bytes)
Event: 67.764 Thread 0x0000000016483800 nmethod 5437 0x0000000003f66a90 code [0x0000000003f670a0, 0x0000000003f6b558]
Event: 67.764 Thread 0x0000000016483800 5438       1       groovy.lang.Reference::get (5 bytes)
Event: 67.764 Thread 0x0000000016483800 nmethod 5438 0x0000000003f36850 code [0x0000000003f369a0, 0x0000000003f36ab0]

GC Heap History (10 events):
Event: 23.542 GC heap before
{Heap before GC invocations=9 (full 2):
 PSYoungGen      total 114688K, used 10115K [0x00000000f5580000, 0x0000000100000000, 0x0000000100000000)
  eden space 102400K, 0% used [0x00000000f5580000,0x00000000f5580000,0x00000000fb980000)
  from space 12288K, 82% used [0x00000000fb980000,0x00000000fc360e90,0x00000000fc580000)
  to   space 12288K, 0% used [0x00000000ff400000,0x00000000ff400000,0x0000000100000000)
 ParOldGen       total 175104K, used 8300K [0x00000000e0000000, 0x00000000eab00000, 0x00000000f5580000)
  object space 175104K, 4% used [0x00000000e0000000,0x00000000e081b008,0x00000000eab00000)
 Metaspace       used 34243K, capacity 35408K, committed 35496K, reserved 1079296K
  class space    used 4790K, capacity 5082K, committed 5120K, reserved 1048576K
Event: 23.618 GC heap after
Heap after GC invocations=9 (full 2):
 PSYoungGen      total 114688K, used 0K [0x00000000f5580000, 0x0000000100000000, 0x0000000100000000)
  eden space 102400K, 0% used [0x00000000f5580000,0x00000000f5580000,0x00000000fb980000)
  from space 12288K, 0% used [0x00000000fb980000,0x00000000fb980000,0x00000000fc580000)
  to   space 12288K, 0% used [0x00000000ff400000,0x00000000ff400000,0x0000000100000000)
 ParOldGen       total 175104K, used 16848K [0x00000000e0000000, 0x00000000eab00000, 0x00000000f5580000)
  object space 175104K, 9% used [0x00000000e0000000,0x00000000e10741c0,0x00000000eab00000)
 Metaspace       used 34243K, capacity 35408K, committed 35496K, reserved 1079296K
  class space    used 4790K, capacity 5082K, committed 5120K, reserved 1048576K
}
Event: 24.927 GC heap before
{Heap before GC invocations=10 (full 2):
 PSYoungGen      total 114688K, used 102399K [0x00000000f5580000, 0x0000000100000000, 0x0000000100000000)
  eden space 102400K, 99% used [0x00000000f5580000,0x00000000fb97ff60,0x00000000fb980000)
  from space 12288K, 0% used [0x00000000fb980000,0x00000000fb980000,0x00000000fc580000)
  to   space 12288K, 0% used [0x00000000ff400000,0x00000000ff400000,0x0000000100000000)
 ParOldGen       total 175104K, used 16848K [0x00000000e0000000, 0x00000000eab00000, 0x00000000f5580000)
  object space 175104K, 9% used [0x00000000e0000000,0x00000000e10741c0,0x00000000eab00000)
 Metaspace       used 37842K, capacity 39612K, committed 39808K, reserved 1083392K
  class space    used 5317K, capacity 5704K, committed 5760K, reserved 1048576K
Event: 24.936 GC heap after
Heap after GC invocations=10 (full 2):
 PSYoungGen      total 161280K, used 6377K [0x00000000f5580000, 0x0000000100000000, 0x0000000100000000)
  eden space 148992K, 0% used [0x00000000f5580000,0x00000000f5580000,0x00000000fe700000)
  from space 12288K, 51% used [0x00000000ff400000,0x00000000ffa3a790,0x0000000100000000)
  to   space 12800K, 0% used [0x00000000fe700000,0x00000000fe700000,0x00000000ff380000)
 ParOldGen       total 175104K, used 16856K [0x00000000e0000000, 0x00000000eab00000, 0x00000000f5580000)
  object space 175104K, 9% used [0x00000000e0000000,0x00000000e10761c0,0x00000000eab00000)
 Metaspace       used 37842K, capacity 39612K, committed 39808K, reserved 1083392K
  class space    used 5317K, capacity 5704K, committed 5760K, reserved 1048576K
}
Event: 30.106 GC heap before
{Heap before GC invocations=11 (full 2):
 PSYoungGen      total 161280K, used 155369K [0x00000000f5580000, 0x0000000100000000, 0x0000000100000000)
  eden space 148992K, 100% used [0x00000000f5580000,0x00000000fe700000,0x00000000fe700000)
  from space 12288K, 51% used [0x00000000ff400000,0x00000000ffa3a790,0x0000000100000000)
  to   space 12800K, 0% used [0x00000000fe700000,0x00000000fe700000,0x00000000ff380000)
 ParOldGen       total 175104K, used 16856K [0x00000000e0000000, 0x00000000eab00000, 0x00000000f5580000)
  object space 175104K, 9% used [0x00000000e0000000,0x00000000e10761c0,0x00000000eab00000)
 Metaspace       used 51509K, capacity 53800K, committed 54016K, reserved 1095680K
  class space    used 7073K, capacity 7584K, committed 7680K, reserved 1048576K
Event: 30.125 GC heap after
Heap after GC invocations=11 (full 2):
 PSYoungGen      total 161792K, used 12789K [0x00000000f5580000, 0x0000000100000000, 0x0000000100000000)
  eden space 148992K, 0% used [0x00000000f5580000,0x00000000f5580000,0x00000000fe700000)
  from space 12800K, 99% used [0x00000000fe700000,0x00000000ff37d550,0x00000000ff380000)
  to   space 12800K, 0% used [0x00000000ff380000,0x00000000ff380000,0x0000000100000000)
 ParOldGen       total 175104K, used 25357K [0x00000000e0000000, 0x00000000eab00000, 0x00000000f5580000)
  object space 175104K, 14% used [0x00000000e0000000,0x00000000e18c35b8,0x00000000eab00000)
 Metaspace       used 51509K, capacity 53800K, committed 54016K, reserved 1095680K
  class space    used 7073K, capacity 7584K, committed 7680K, reserved 1048576K
}
Event: 66.540 GC heap before
{Heap before GC invocations=12 (full 2):
 PSYoungGen      total 161792K, used 99599K [0x00000000f5580000, 0x0000000100000000, 0x0000000100000000)
  eden space 148992K, 58% used [0x00000000f5580000,0x00000000faa467c8,0x00000000fe700000)
  from space 12800K, 99% used [0x00000000fe700000,0x00000000ff37d550,0x00000000ff380000)
  to   space 12800K, 0% used [0x00000000ff380000,0x00000000ff380000,0x0000000100000000)
 ParOldGen       total 175104K, used 25357K [0x00000000e0000000, 0x00000000eab00000, 0x00000000f5580000)
  object space 175104K, 14% used [0x00000000e0000000,0x00000000e18c35b8,0x00000000eab00000)
 Metaspace       used 56314K, capacity 58972K, committed 59136K, reserved 1099776K
  class space    used 7863K, capacity 8446K, committed 8448K, reserved 1048576K
Event: 66.560 GC heap after
Heap after GC invocations=12 (full 2):
 PSYoungGen      total 145408K, used 12772K [0x00000000f5580000, 0x0000000100000000, 0x0000000100000000)
  eden space 132608K, 0% used [0x00000000f5580000,0x00000000f5580000,0x00000000fd700000)
  from space 12800K, 99% used [0x00000000ff380000,0x00000000ffff9288,0x0000000100000000)
  to   space 20992K, 0% used [0x00000000fd700000,0x00000000fd700000,0x00000000feb80000)
 ParOldGen       total 175104K, used 34034K [0x00000000e0000000, 0x00000000eab00000, 0x00000000f5580000)
  object space 175104K, 19% used [0x00000000e0000000,0x00000000e213cba0,0x00000000eab00000)
 Metaspace       used 56314K, capacity 58972K, committed 59136K, reserved 1099776K
  class space    used 7863K, capacity 8446K, committed 8448K, reserved 1048576K
}
Event: 66.560 GC heap before
{Heap before GC invocations=13 (full 3):
 PSYoungGen      total 145408K, used 12772K [0x00000000f5580000, 0x0000000100000000, 0x0000000100000000)
  eden space 132608K, 0% used [0x00000000f5580000,0x00000000f5580000,0x00000000fd700000)
  from space 12800K, 99% used [0x00000000ff380000,0x00000000ffff9288,0x0000000100000000)
  to   space 20992K, 0% used [0x00000000fd700000,0x00000000fd700000,0x00000000feb80000)
 ParOldGen       total 175104K, used 34034K [0x00000000e0000000, 0x00000000eab00000, 0x00000000f5580000)
  object space 175104K, 19% used [0x00000000e0000000,0x00000000e213cba0,0x00000000eab00000)
 Metaspace       used 56314K, capacity 58972K, committed 59136K, reserved 1099776K
  class space    used 7863K, capacity 8446K, committed 8448K, reserved 1048576K
Event: 67.059 GC heap after
Heap after GC invocations=13 (full 3):
 PSYoungGen      total 145408K, used 0K [0x00000000f5580000, 0x0000000100000000, 0x0000000100000000)
  eden space 132608K, 0% used [0x00000000f5580000,0x00000000f5580000,0x00000000fd700000)
  from space 12800K, 0% used [0x00000000ff380000,0x00000000ff380000,0x0000000100000000)
  to   space 20992K, 0% used [0x00000000fd700000,0x00000000fd700000,0x00000000feb80000)
 ParOldGen       total 198144K, used 36762K [0x00000000e0000000, 0x00000000ec180000, 0x00000000f5580000)
  object space 198144K, 18% used [0x00000000e0000000,0x00000000e23e6990,0x00000000ec180000)
 Metaspace       used 56279K, capacity 58858K, committed 59136K, reserved 1099776K
  class space    used 7853K, capacity 8427K, committed 8448K, reserved 1048576K
}

Deoptimization events (10 events):
Event: 30.614 Thread 0x0000000018faf000 Uncommon trap: reason=unstable_if action=reinterpret pc=0x0000000003dd9464 method=org.codehaus.groovy.runtime.metaclass.MetaMethodIndex.addMethodToList(Ljava/lang/Object;Lgroovy/lang/MetaMethod;)Ljava/lang/Object; @ 256
Event: 30.662 Thread 0x0000000018faf000 Uncommon trap: reason=unstable_if action=reinterpret pc=0x00000000038cf3a0 method=java.util.HashMap.getNode(ILjava/lang/Object;)Ljava/util/HashMap$Node; @ 84
Event: 30.662 Thread 0x0000000018faf000 Uncommon trap: reason=unstable_if action=reinterpret pc=0x00000000030c24c4 method=java.util.HashMap.putVal(ILjava/lang/Object;Ljava/lang/Object;ZZ)Ljava/lang/Object; @ 109
Event: 30.662 Thread 0x0000000018faf000 Uncommon trap: reason=unstable_if action=reinterpret pc=0x00000000034587dc method=java.util.HashMap.getNode(ILjava/lang/Object;)Ljava/util/HashMap$Node; @ 84
Event: 30.662 Thread 0x0000000018faf000 Uncommon trap: reason=unstable_if action=reinterpret pc=0x0000000002ff806c method=java.util.HashMap.putVal(ILjava/lang/Object;Ljava/lang/Object;ZZ)Ljava/lang/Object; @ 109
Event: 30.662 Thread 0x0000000018faf000 Uncommon trap: reason=unstable_if action=reinterpret pc=0x00000000031ba034 method=java.util.HashMap.resize()[Ljava/util/HashMap$Node; @ 206
Event: 30.748 Thread 0x0000000018faf000 Uncommon trap: reason=class_check action=maybe_recompile pc=0x00000000035e32e8 method=java.util.WeakHashMap.eq(Ljava/lang/Object;Ljava/lang/Object;)Z @ 7
Event: 65.221 Thread 0x0000000018faf000 Uncommon trap: reason=unstable_if action=reinterpret pc=0x0000000003820cd4 method=java.io.BufferedReader.readLine(Z)Ljava/lang/String; @ 192
Event: 67.744 Thread 0x0000000018faf000 Uncommon trap: reason=unstable_if action=reinterpret pc=0x0000000003ed82a0 method=java.lang.reflect.Executable.printModifiersIfNonzero(Ljava/lang/StringBuilder;IZ)V @ 14
Event: 67.764 Thread 0x0000000018faf000 Uncommon trap: reason=unstable_if action=reinterpret pc=0x0000000003bf0ce4 method=java.util.TreeMap.getEntryUsingComparator(Ljava/lang/Object;)Ljava/util/TreeMap$Entry; @ 53

Classes redefined (0 events):
No events

Internal exceptions (10 events):
Event: 67.589 Thread 0x0000000018faf000 Exception <a 'java/lang/ClassNotFoundException': com/android/build/gradle/internal/api/ApplicationVariantImplCustomizer> (0x00000000f698fbb8) thrown at [C:\cygwin64\tmp\build\source\java-1.8.0-openjdk\tmp\jdk8u\hotspot\src\share\vm\classfile\systemDiction
Event: 67.591 Thread 0x0000000018faf000 Exception <a 'java/lang/ClassNotFoundException': com/android/build/gradle/internal/api/ApplicationVariantImpl_DecoratedCustomizer> (0x00000000f69dcc78) thrown at [C:\cygwin64\tmp\build\source\java-1.8.0-openjdk\tmp\jdk8u\hotspot\src\share\vm\classfile\sys
Event: 67.598 Thread 0x0000000018faf000 Exception <a 'java/lang/ClassNotFoundException': com/android/build/OutputFileBeanInfo> (0x00000000f6ae6ea8) thrown at [C:\cygwin64\tmp\build\source\java-1.8.0-openjdk\tmp\jdk8u\hotspot\src\share\vm\classfile\systemDictionary.cpp, line 217]
Event: 67.599 Thread 0x0000000018faf000 Exception <a 'java/lang/ClassNotFoundException': com/android/build/OutputFileCustomizer> (0x00000000f6afef20) thrown at [C:\cygwin64\tmp\build\source\java-1.8.0-openjdk\tmp\jdk8u\hotspot\src\share\vm\classfile\systemDictionary.cpp, line 217]
Event: 67.741 Thread 0x0000000018faf000 Exception <a 'java/lang/ClassNotFoundException': org/gradle/api/internal/plugins/DefaultPluginContainerBeanInfo> (0x00000000f6dd0100) thrown at [C:\cygwin64\tmp\build\source\java-1.8.0-openjdk\tmp\jdk8u\hotspot\src\share\vm\classfile\systemDictionary.cpp,
Event: 67.742 Thread 0x0000000018faf000 Exception <a 'java/lang/ClassNotFoundException': org/gradle/api/internal/plugins/DefaultPluginCollectionBeanInfo> (0x00000000f6deef80) thrown at [C:\cygwin64\tmp\build\source\java-1.8.0-openjdk\tmp\jdk8u\hotspot\src\share\vm\classfile\systemDictionary.cpp
Event: 67.743 Thread 0x0000000018faf000 Exception <a 'java/lang/ClassNotFoundException': org/gradle/api/internal/plugins/DefaultPluginCollectionCustomizer> (0x00000000f6e0e408) thrown at [C:\cygwin64\tmp\build\source\java-1.8.0-openjdk\tmp\jdk8u\hotspot\src\share\vm\classfile\systemDictionary.c
Event: 67.745 Thread 0x0000000018faf000 Exception <a 'java/lang/ClassNotFoundException': org/gradle/api/internal/plugins/DefaultPluginContainerCustomizer> (0x00000000f6e615f0) thrown at [C:\cygwin64\tmp\build\source\java-1.8.0-openjdk\tmp\jdk8u\hotspot\src\share\vm\classfile\systemDictionary.cp
Event: 67.757 Thread 0x0000000018faf000 Exception <a 'java/lang/ClassNotFoundException': react_255sup3n77ygam6xnqpfgw5s4$_run_closure4BeanInfo> (0x00000000f6f15900) thrown at [C:\cygwin64\tmp\build\source\java-1.8.0-openjdk\tmp\jdk8u\hotspot\src\share\vm\classfile\systemDictionary.cpp, line 217
Event: 67.758 Thread 0x0000000018faf000 Exception <a 'java/lang/ClassNotFoundException': react_255sup3n77ygam6xnqpfgw5s4$_run_closure4Customizer> (0x00000000f6f25828) thrown at [C:\cygwin64\tmp\build\source\java-1.8.0-openjdk\tmp\jdk8u\hotspot\src\share\vm\classfile\systemDictionary.cpp, line 2

Events (10 events):
Event: 67.759 loading class groovy/lang/ProxyMetaClass done
Event: 67.761 loading class org/codehaus/groovy/runtime/dgm$944
Event: 67.761 loading class org/codehaus/groovy/runtime/dgm$944 done
Event: 67.762 loading class org/codehaus/groovy/runtime/dgm$949
Event: 67.762 loading class org/codehaus/groovy/runtime/dgm$949 done
Event: 67.763 loading class org/codehaus/groovy/runtime/dgm$950
Event: 67.763 loading class org/codehaus/groovy/runtime/dgm$950 done
Event: 67.764 Thread 0x0000000018faf000 Uncommon trap: trap_request=0xffffff65 fr.pc=0x0000000003bf0ce4
Event: 67.765 Thread 0x0000000018faf000 DEOPT PACKING pc=0x0000000003bf0ce4 sp=0x000000001ad56010
Event: 67.765 Thread 0x0000000018faf000 DEOPT UNPACKING pc=0x0000000002ec557b sp=0x000000001ad55f50 mode 2


Dynamic libraries:
0x00007ff6232f0000 - 0x00007ff623325000 	C:\Program Files\OpenJDK\openjdk-8u275-b01\bin\java.exe
0x00007ffb14650000 - 0x00007ffb1483d000 	C:\Windows\SYSTEM32\ntdll.dll
0x00007ffb13990000 - 0x00007ffb13a43000 	C:\Windows\System32\KERNEL32.DLL
0x00007ffb10e80000 - 0x00007ffb11115000 	C:\Windows\System32\KERNELBASE.dll
0x00007ffb13570000 - 0x00007ffb13614000 	C:\Windows\System32\ADVAPI32.dll
0x00007ffb14150000 - 0x00007ffb141ee000 	C:\Windows\System32\msvcrt.dll
0x00007ffb137c0000 - 0x00007ffb1385e000 	C:\Windows\System32\sechost.dll
0x00007ffb136a0000 - 0x00007ffb137bf000 	C:\Windows\System32\RPCRT4.dll
0x00007ffb12f80000 - 0x00007ffb13118000 	C:\Windows\System32\USER32.dll
0x00007ffb116c0000 - 0x00007ffb116e0000 	C:\Windows\System32\win32u.dll
0x00007ffb13c90000 - 0x00007ffb13cb9000 	C:\Windows\System32\GDI32.dll
0x00007ffb116e0000 - 0x00007ffb1187c000 	C:\Windows\System32\gdi32full.dll
0x00007ffb11620000 - 0x00007ffb116c0000 	C:\Windows\System32\msvcp_win.dll
0x00007ffb111d0000 - 0x00007ffb112ca000 	C:\Windows\System32\ucrtbase.dll
0x00007ffb0a020000 - 0x00007ffb0a299000 	C:\Windows\WinSxS\amd64_microsoft.windows.common-controls_6595b64144ccf1df_6.0.17763.1999_none_de7616c853470b04\COMCTL32.dll
0x00007ffb13120000 - 0x00007ffb1344d000 	C:\Windows\System32\combase.dll
0x00007ffb11590000 - 0x00007ffb11612000 	C:\Windows\System32\bcryptPrimitives.dll
0x00007ffb145f0000 - 0x00007ffb1461e000 	C:\Windows\System32\IMM32.DLL
0x0000000058280000 - 0x0000000058352000 	C:\Program Files\OpenJDK\openjdk-8u275-b01\jre\bin\msvcr100.dll
0x00000000579e0000 - 0x0000000058274000 	C:\Program Files\OpenJDK\openjdk-8u275-b01\jre\bin\server\jvm.dll
0x00007ffb134b0000 - 0x00007ffb134b8000 	C:\Windows\System32\PSAPI.DLL
0x00007ffb0f0f0000 - 0x00007ffb0f0f9000 	C:\Windows\SYSTEM32\WSOCK32.dll
0x00007ffb0e420000 - 0x00007ffb0e444000 	C:\Windows\SYSTEM32\WINMM.dll
0x00007ffb13a50000 - 0x00007ffb13abd000 	C:\Windows\System32\WS2_32.dll
0x00007ffb0e3f0000 - 0x00007ffb0e41d000 	C:\Windows\SYSTEM32\winmmbase.dll
0x00007ffb114e0000 - 0x00007ffb1152a000 	C:\Windows\System32\cfgmgr32.dll
0x00007ffb0f190000 - 0x00007ffb0f19a000 	C:\Windows\SYSTEM32\VERSION.dll
0x00007ffb0f0d0000 - 0x00007ffb0f0df000 	C:\Program Files\OpenJDK\openjdk-8u275-b01\jre\bin\verify.dll
0x00007ffaf9830000 - 0x00007ffaf9859000 	C:\Program Files\OpenJDK\openjdk-8u275-b01\jre\bin\java.dll
0x00007ffb0ae70000 - 0x00007ffb0ae86000 	C:\Program Files\OpenJDK\openjdk-8u275-b01\jre\bin\zip.dll
0x00007ffb11a80000 - 0x00007ffb12f79000 	C:\Windows\System32\SHELL32.dll
0x00007ffb134c0000 - 0x00007ffb13568000 	C:\Windows\System32\shcore.dll
0x00007ffb10700000 - 0x00007ffb10e4b000 	C:\Windows\System32\windows.storage.dll
0x00007ffb10690000 - 0x00007ffb106b4000 	C:\Windows\System32\profapi.dll
0x00007ffb10630000 - 0x00007ffb1068d000 	C:\Windows\System32\powrprof.dll
0x00007ffb14590000 - 0x00007ffb145e2000 	C:\Windows\System32\shlwapi.dll
0x00007ffb106c0000 - 0x00007ffb106d1000 	C:\Windows\System32\kernel.appcore.dll
0x00007ffb112d0000 - 0x00007ffb112e7000 	C:\Windows\System32\cryptsp.dll
0x00007ffb072c0000 - 0x00007ffb072db000 	C:\Program Files\OpenJDK\openjdk-8u275-b01\jre\bin\net.dll
0x00007ffb0fe10000 - 0x00007ffb0fe77000 	C:\Windows\system32\mswsock.dll
0x00007ffb04c80000 - 0x00007ffb04c92000 	C:\Program Files\OpenJDK\openjdk-8u275-b01\jre\bin\nio.dll
0x00007ffafa970000 - 0x00007ffafa996000 	C:\Users\Nursultan\.gradle\native\fdc75f09e3144964f2cf3f50f0aa648679c211496f362492102eb8c894070792\windows-amd64\native-platform.dll
0x00007ffaec370000 - 0x00007ffaec501000 	C:\Users\Nursultan\.gradle\native\12488b8bf47d2d4c9fbf2f6322a914ad602e24e48041cd04a747c6da556b65c4\windows-amd64\native-platform-file-events.dll
0x00007ffb044e0000 - 0x00007ffb044ed000 	C:\Program Files\OpenJDK\openjdk-8u275-b01\jre\bin\management.dll
0x00007ffb0f9a0000 - 0x00007ffb0f9d3000 	C:\Windows\system32\rsaenh.dll
0x00007ffb10e50000 - 0x00007ffb10e76000 	C:\Windows\System32\bcrypt.dll
0x00007ffb10560000 - 0x00007ffb10589000 	C:\Windows\SYSTEM32\USERENV.dll
0x00007ffb0ffe0000 - 0x00007ffb0ffec000 	C:\Windows\SYSTEM32\CRYPTBASE.dll
0x00007ffb0fb30000 - 0x00007ffb0fb6d000 	C:\Windows\SYSTEM32\IPHLPAPI.DLL
0x00007ffb14140000 - 0x00007ffb14148000 	C:\Windows\System32\NSI.dll
0x00007ffb09ca0000 - 0x00007ffb09cb6000 	C:\Windows\SYSTEM32\dhcpcsvc6.DLL
0x00007ffb0aa70000 - 0x00007ffb0aa8c000 	C:\Windows\SYSTEM32\dhcpcsvc.DLL
0x00007ffb0fb70000 - 0x00007ffb0fc36000 	C:\Windows\SYSTEM32\DNSAPI.dll
0x00007ffb0b5d0000 - 0x00007ffb0b5db000 	C:\Windows\SYSTEM32\WINNSI.DLL

VM Arguments:
jvm_args: -XX:MaxMetaspaceSize=256m -XX:+HeapDumpOnOutOfMemoryError -Xms256m -Xmx512m -Dfile.encoding=windows-1251 -Duser.country=RU -Duser.language=ru -Duser.variant 
java_command: org.gradle.launcher.daemon.bootstrap.GradleDaemon 6.7
java_class_path (initial): C:\Users\Nursultan\.gradle\wrapper\dists\gradle-6.7-all\cuy9mc7upwgwgeb72wkcrupxe\gradle-6.7\lib\gradle-launcher-6.7.jar
Launcher Type: SUN_STANDARD

Environment Variables:
JAVA_HOME=C:\Program Files\OpenJDK\openjdk-8u275-b01
CLASSPATH=D:\Projects\Ntex\Netex\android\\gradle\wrapper\gradle-wrapper.jar
PATH=D:\Projects\Ntex\Netex\android\node_modules\.bin;D:\Projects\Ntex\Netex\node_modules\.bin;D:\Projects\Ntex\node_modules\.bin;D:\Projects\node_modules\.bin;D:\node_modules\.bin;C:\Program Files\nodejs;C:\Program Files\nodejs\node_modules\npm\node_modules\npm-lifecycle\node-gyp-bin;D:\Projects\Ntex\Netex\node_modules\.bin;C:\Program Files (x86)\Common Files\Oracle\Java\javapath;C:\Program Files\Common Files\Oracle\Java\javapath;C:\Windows\system32;C:\Windows;C:\Windows\System32\Wbem;C:\Windows\System32\WindowsPowerShell\v1.0\;C:\Windows\System32\OpenSSH\;C:\ProgramData\chocolatey\bin;D:\Programs\Git\cmd;D:\Programs\Git\mingw64\bin;D:\Programs\Git\usr\bin;D:\Programs\Microsoft VS Code\bin;C:\Program Files (x86)\Yarn\bin\;C:\Program Files\OpenJDK\openjdk-8u275-b01\bin;C:\Users\Nursultan\AppData\Local\Android\Sdk;C:\Users\Nursultan\AppData\Local\Android\Sdk\platform-tools;C:\Users\Nursultan\AppData\Local\Android\Sdk\watchman;C:\Program Files\nodejs\;C:\Users\Nursultan\AppData\Local\Microsoft\WindowsApps;C:\Users\Nursultan\AppData\Local\Yarn\bin;C:\Users\Nursultan\AppData\Roaming\npm;;C:\Users\Nursultan\AppData\Local\Programs\Microsoft VS Code\bin
USERNAME=Nursultan
OS=Windows_NT
PROCESSOR_IDENTIFIER=Intel64 Family 6 Model 142 Stepping 11, GenuineIntel



---------------  S Y S T E M  ---------------

OS: Windows 10.0 , 64 bit Build 17763 (10.0.17763.1879)

CPU:total 8 (initial active 8) (4 cores per cpu, 2 threads per core) family 6 model 142 stepping 11, cmov, cx8, fxsr, mmx, sse, sse2, sse3, ssse3, sse4.1, sse4.2, popcnt, avx, avx2, aes, clmul, erms, 3dnowpref, lzcnt, ht, tsc, tscinvbit, bmi1, bmi2, adx

Memory: 4k page, physical 8232180k(1280304k free), swap 8232180k(98820k free)

vm_info: OpenJDK 64-Bit Server VM (25.275-b01) for windows-amd64 JRE (1.8.0_275-b01), built on Nov  6 2020 13:43:37 by "build" with MS VC++ 10.0 (VS2010)

time: Mon Jul 05 17:56:55 2021
timezone: Центральная Азия (зима)
elapsed time: 67.875562 seconds (0d 0h 1m 7s)

